
[2023-03-2116:07:27] [ INFO ] [OdontologoIDAOH2:48] Se guardo en la base de datos al odontologo Francisco Gordon MP:1334
[2023-03-2116:08:33] [ INFO ] [OdontologoIDAOH2:154] Se genero la lista de odontologos con éxito
[2023-03-2116:10:29] [ INFO ] [OdontologoIDAOH2:48] Se guardo en la base de datos al odontologo Maria Pisichilo MP:55452
[2023-03-2116:10:38] [ INFO ] [OdontologoIDAOH2:154] Se genero la lista de odontologos con éxito
[2023-03-2116:11:21] [ ERROR] [OdontologoIDAOH2:161] Función no implementada por el momento
[2023-03-2116:11:26] [ INFO ] [OdontologoIDAOH2:154] Se genero la lista de odontologos con éxito
[2023-03-2116:38:24] [ INFO ] [OdontologoIDAOH2:154] Se genero la lista de odontologos con éxito
[2023-03-2116:38:48] [ ERROR] [OdontologoIDAOH2:184] No se pudo guardar el odontologo Maria Angelica Pisichilo
org.h2.jdbc.JdbcSQLSyntaxErrorException: Error de Sintaxis en sentencia SQL "UPDATE ODONTOLOGOS SET MATRICULA=?, NOMBRE=?, APELLIDO[*]? WHERE ID=?"; se esperaba "., ="
Syntax error in SQL statement "UPDATE ODONTOLOGOS SET MATRICULA=?, NOMBRE=?, APELLIDO[*]? WHERE ID=?"; expected "., ="; SQL statement:
UPDATE ODONTOLOGOS SET MATRICULA=?, NOMBRE=?, APELLIDO? WHERE ID=? [42001-214]
	at org.h2.message.DbException.getJdbcSQLException(DbException.java:502)
	at org.h2.message.DbException.getJdbcSQLException(DbException.java:477)
	at org.h2.message.DbException.getSyntaxError(DbException.java:261)
	at org.h2.command.Parser.getSyntaxError(Parser.java:900)
	at org.h2.command.Parser.read(Parser.java:5675)
	at org.h2.command.Parser.readUpdateSetClause(Parser.java:1152)
	at org.h2.command.Parser.parseUpdate(Parser.java:1120)
	at org.h2.command.Parser.parsePrepared(Parser.java:858)
	at org.h2.command.Parser.parse(Parser.java:689)
	at org.h2.command.Parser.parse(Parser.java:666)
	at org.h2.command.Parser.prepareCommand(Parser.java:569)
	at org.h2.engine.SessionLocal.prepareLocal(SessionLocal.java:631)
	at org.h2.engine.SessionLocal.prepareCommand(SessionLocal.java:554)
	at org.h2.jdbc.JdbcConnection.prepareCommand(JdbcConnection.java:1116)
	at org.h2.jdbc.JdbcPreparedStatement.<init>(JdbcPreparedStatement.java:92)
	at org.h2.jdbc.JdbcConnection.prepareStatement(JdbcConnection.java:288)
	at com.integrador.consultorio.DAO.impl.OdontologoIDAOH2.actualizar(OdontologoIDAOH2.java:171)
	at com.integrador.consultorio.DAO.impl.OdontologoIDAOH2.actualizar(OdontologoIDAOH2.java:12)
	at com.integrador.consultorio.services.OdontologoService.actualizar(OdontologoService.java:41)
	at com.integrador.consultorio.controller.OdontologoController.actualizarOdontologo(OdontologoController.java:42)
	at java.base/jdk.internal.reflect.DirectMethodHandleAccessor.invoke(DirectMethodHandleAccessor.java:104)
	at java.base/java.lang.reflect.Method.invoke(Method.java:577)
	at org.springframework.web.method.support.InvocableHandlerMethod.doInvoke(InvocableHandlerMethod.java:207)
	at org.springframework.web.method.support.InvocableHandlerMethod.invokeForRequest(InvocableHandlerMethod.java:152)
	at org.springframework.web.servlet.mvc.method.annotation.ServletInvocableHandlerMethod.invokeAndHandle(ServletInvocableHandlerMethod.java:117)
	at org.springframework.web.servlet.mvc.method.annotation.RequestMappingHandlerAdapter.invokeHandlerMethod(RequestMappingHandlerAdapter.java:884)
	at org.springframework.web.servlet.mvc.method.annotation.RequestMappingHandlerAdapter.handleInternal(RequestMappingHandlerAdapter.java:797)
	at org.springframework.web.servlet.mvc.method.AbstractHandlerMethodAdapter.handle(AbstractHandlerMethodAdapter.java:87)
	at org.springframework.web.servlet.DispatcherServlet.doDispatch(DispatcherServlet.java:1081)
	at org.springframework.web.servlet.DispatcherServlet.doService(DispatcherServlet.java:974)
	at org.springframework.web.servlet.FrameworkServlet.processRequest(FrameworkServlet.java:1011)
	at org.springframework.web.servlet.FrameworkServlet.doPut(FrameworkServlet.java:925)
	at jakarta.servlet.http.HttpServlet.service(HttpServlet.java:734)
	at org.springframework.web.servlet.FrameworkServlet.service(FrameworkServlet.java:885)
	at jakarta.servlet.http.HttpServlet.service(HttpServlet.java:814)
	at org.apache.catalina.core.ApplicationFilterChain.internalDoFilter(ApplicationFilterChain.java:223)
	at org.apache.catalina.core.ApplicationFilterChain.doFilter(ApplicationFilterChain.java:158)
	at org.apache.tomcat.websocket.server.WsFilter.doFilter(WsFilter.java:53)
	at org.apache.catalina.core.ApplicationFilterChain.internalDoFilter(ApplicationFilterChain.java:185)
	at org.apache.catalina.core.ApplicationFilterChain.doFilter(ApplicationFilterChain.java:158)
	at org.springframework.web.filter.RequestContextFilter.doFilterInternal(RequestContextFilter.java:100)
	at org.springframework.web.filter.OncePerRequestFilter.doFilter(OncePerRequestFilter.java:116)
	at org.apache.catalina.core.ApplicationFilterChain.internalDoFilter(ApplicationFilterChain.java:185)
	at org.apache.catalina.core.ApplicationFilterChain.doFilter(ApplicationFilterChain.java:158)
	at org.springframework.web.filter.FormContentFilter.doFilterInternal(FormContentFilter.java:93)
	at org.springframework.web.filter.OncePerRequestFilter.doFilter(OncePerRequestFilter.java:116)
	at org.apache.catalina.core.ApplicationFilterChain.internalDoFilter(ApplicationFilterChain.java:185)
	at org.apache.catalina.core.ApplicationFilterChain.doFilter(ApplicationFilterChain.java:158)
	at org.springframework.web.filter.CharacterEncodingFilter.doFilterInternal(CharacterEncodingFilter.java:201)
	at org.springframework.web.filter.OncePerRequestFilter.doFilter(OncePerRequestFilter.java:116)
	at org.apache.catalina.core.ApplicationFilterChain.internalDoFilter(ApplicationFilterChain.java:185)
	at org.apache.catalina.core.ApplicationFilterChain.doFilter(ApplicationFilterChain.java:158)
	at org.apache.catalina.core.StandardWrapperValve.invoke(StandardWrapperValve.java:177)
	at org.apache.catalina.core.StandardContextValve.invoke(StandardContextValve.java:97)
	at org.apache.catalina.authenticator.AuthenticatorBase.invoke(AuthenticatorBase.java:542)
	at org.apache.catalina.core.StandardHostValve.invoke(StandardHostValve.java:119)
	at org.apache.catalina.valves.ErrorReportValve.invoke(ErrorReportValve.java:92)
	at org.apache.catalina.core.StandardEngineValve.invoke(StandardEngineValve.java:78)
	at org.apache.catalina.connector.CoyoteAdapter.service(CoyoteAdapter.java:357)
	at org.apache.coyote.http11.Http11Processor.service(Http11Processor.java:400)
	at org.apache.coyote.AbstractProcessorLight.process(AbstractProcessorLight.java:65)
	at org.apache.coyote.AbstractProtocol$ConnectionHandler.process(AbstractProtocol.java:859)
	at org.apache.tomcat.util.net.NioEndpoint$SocketProcessor.doRun(NioEndpoint.java:1734)
	at org.apache.tomcat.util.net.SocketProcessorBase.run(SocketProcessorBase.java:52)
	at org.apache.tomcat.util.threads.ThreadPoolExecutor.runWorker(ThreadPoolExecutor.java:1191)
	at org.apache.tomcat.util.threads.ThreadPoolExecutor$Worker.run(ThreadPoolExecutor.java:659)
	at org.apache.tomcat.util.threads.TaskThread$WrappingRunnable.run(TaskThread.java:61)
	at java.base/java.lang.Thread.run(Thread.java:833)
[2023-03-2116:38:53] [ INFO ] [OdontologoIDAOH2:137] Se listaron a los pacientes con éxito
[2023-03-2116:39:00] [ INFO ] [OdontologoIDAOH2:154] Se genero la lista de odontologos con éxito
[2023-03-2116:40:17] [ INFO ] [OdontologoIDAOH2:154] Se genero la lista de odontologos con éxito
[2023-03-2116:40:39] [ ERROR] [OdontologoIDAOH2:184] No se pudo guardar el odontologo Alicia Pisichilo
org.h2.jdbc.JdbcSQLSyntaxErrorException: Error de Sintaxis en sentencia SQL "UPDATE ODONTOLOGOS SET MATRICULA=?, NOMBRE=?, APELLIDO[*]? WHERE ID=?"; se esperaba "., ="
Syntax error in SQL statement "UPDATE ODONTOLOGOS SET MATRICULA=?, NOMBRE=?, APELLIDO[*]? WHERE ID=?"; expected "., ="; SQL statement:
UPDATE ODONTOLOGOS SET MATRICULA=?, NOMBRE=?, APELLIDO? WHERE ID=? [42001-214]
	at org.h2.message.DbException.getJdbcSQLException(DbException.java:502)
	at org.h2.message.DbException.getJdbcSQLException(DbException.java:477)
	at org.h2.message.DbException.getSyntaxError(DbException.java:261)
	at org.h2.command.Parser.getSyntaxError(Parser.java:900)
	at org.h2.command.Parser.read(Parser.java:5675)
	at org.h2.command.Parser.readUpdateSetClause(Parser.java:1152)
	at org.h2.command.Parser.parseUpdate(Parser.java:1120)
	at org.h2.command.Parser.parsePrepared(Parser.java:858)
	at org.h2.command.Parser.parse(Parser.java:689)
	at org.h2.command.Parser.parse(Parser.java:666)
	at org.h2.command.Parser.prepareCommand(Parser.java:569)
	at org.h2.engine.SessionLocal.prepareLocal(SessionLocal.java:631)
	at org.h2.engine.SessionLocal.prepareCommand(SessionLocal.java:554)
	at org.h2.jdbc.JdbcConnection.prepareCommand(JdbcConnection.java:1116)
	at org.h2.jdbc.JdbcPreparedStatement.<init>(JdbcPreparedStatement.java:92)
	at org.h2.jdbc.JdbcConnection.prepareStatement(JdbcConnection.java:288)
	at com.integrador.consultorio.DAO.impl.OdontologoIDAOH2.actualizar(OdontologoIDAOH2.java:171)
	at com.integrador.consultorio.DAO.impl.OdontologoIDAOH2.actualizar(OdontologoIDAOH2.java:12)
	at com.integrador.consultorio.services.OdontologoService.actualizar(OdontologoService.java:41)
	at com.integrador.consultorio.controller.OdontologoController.actualizarOdontologo(OdontologoController.java:42)
	at java.base/jdk.internal.reflect.DirectMethodHandleAccessor.invoke(DirectMethodHandleAccessor.java:104)
	at java.base/java.lang.reflect.Method.invoke(Method.java:577)
	at org.springframework.web.method.support.InvocableHandlerMethod.doInvoke(InvocableHandlerMethod.java:207)
	at org.springframework.web.method.support.InvocableHandlerMethod.invokeForRequest(InvocableHandlerMethod.java:152)
	at org.springframework.web.servlet.mvc.method.annotation.ServletInvocableHandlerMethod.invokeAndHandle(ServletInvocableHandlerMethod.java:117)
	at org.springframework.web.servlet.mvc.method.annotation.RequestMappingHandlerAdapter.invokeHandlerMethod(RequestMappingHandlerAdapter.java:884)
	at org.springframework.web.servlet.mvc.method.annotation.RequestMappingHandlerAdapter.handleInternal(RequestMappingHandlerAdapter.java:797)
	at org.springframework.web.servlet.mvc.method.AbstractHandlerMethodAdapter.handle(AbstractHandlerMethodAdapter.java:87)
	at org.springframework.web.servlet.DispatcherServlet.doDispatch(DispatcherServlet.java:1081)
	at org.springframework.web.servlet.DispatcherServlet.doService(DispatcherServlet.java:974)
	at org.springframework.web.servlet.FrameworkServlet.processRequest(FrameworkServlet.java:1011)
	at org.springframework.web.servlet.FrameworkServlet.doPut(FrameworkServlet.java:925)
	at jakarta.servlet.http.HttpServlet.service(HttpServlet.java:734)
	at org.springframework.web.servlet.FrameworkServlet.service(FrameworkServlet.java:885)
	at jakarta.servlet.http.HttpServlet.service(HttpServlet.java:814)
	at org.apache.catalina.core.ApplicationFilterChain.internalDoFilter(ApplicationFilterChain.java:223)
	at org.apache.catalina.core.ApplicationFilterChain.doFilter(ApplicationFilterChain.java:158)
	at org.apache.tomcat.websocket.server.WsFilter.doFilter(WsFilter.java:53)
	at org.apache.catalina.core.ApplicationFilterChain.internalDoFilter(ApplicationFilterChain.java:185)
	at org.apache.catalina.core.ApplicationFilterChain.doFilter(ApplicationFilterChain.java:158)
	at org.springframework.web.filter.RequestContextFilter.doFilterInternal(RequestContextFilter.java:100)
	at org.springframework.web.filter.OncePerRequestFilter.doFilter(OncePerRequestFilter.java:116)
	at org.apache.catalina.core.ApplicationFilterChain.internalDoFilter(ApplicationFilterChain.java:185)
	at org.apache.catalina.core.ApplicationFilterChain.doFilter(ApplicationFilterChain.java:158)
	at org.springframework.web.filter.FormContentFilter.doFilterInternal(FormContentFilter.java:93)
	at org.springframework.web.filter.OncePerRequestFilter.doFilter(OncePerRequestFilter.java:116)
	at org.apache.catalina.core.ApplicationFilterChain.internalDoFilter(ApplicationFilterChain.java:185)
	at org.apache.catalina.core.ApplicationFilterChain.doFilter(ApplicationFilterChain.java:158)
	at org.springframework.web.filter.CharacterEncodingFilter.doFilterInternal(CharacterEncodingFilter.java:201)
	at org.springframework.web.filter.OncePerRequestFilter.doFilter(OncePerRequestFilter.java:116)
	at org.apache.catalina.core.ApplicationFilterChain.internalDoFilter(ApplicationFilterChain.java:185)
	at org.apache.catalina.core.ApplicationFilterChain.doFilter(ApplicationFilterChain.java:158)
	at org.apache.catalina.core.StandardWrapperValve.invoke(StandardWrapperValve.java:177)
	at org.apache.catalina.core.StandardContextValve.invoke(StandardContextValve.java:97)
	at org.apache.catalina.authenticator.AuthenticatorBase.invoke(AuthenticatorBase.java:542)
	at org.apache.catalina.core.StandardHostValve.invoke(StandardHostValve.java:119)
	at org.apache.catalina.valves.ErrorReportValve.invoke(ErrorReportValve.java:92)
	at org.apache.catalina.core.StandardEngineValve.invoke(StandardEngineValve.java:78)
	at org.apache.catalina.connector.CoyoteAdapter.service(CoyoteAdapter.java:357)
	at org.apache.coyote.http11.Http11Processor.service(Http11Processor.java:400)
	at org.apache.coyote.AbstractProcessorLight.process(AbstractProcessorLight.java:65)
	at org.apache.coyote.AbstractProtocol$ConnectionHandler.process(AbstractProtocol.java:859)
	at org.apache.tomcat.util.net.NioEndpoint$SocketProcessor.doRun(NioEndpoint.java:1734)
	at org.apache.tomcat.util.net.SocketProcessorBase.run(SocketProcessorBase.java:52)
	at org.apache.tomcat.util.threads.ThreadPoolExecutor.runWorker(ThreadPoolExecutor.java:1191)
	at org.apache.tomcat.util.threads.ThreadPoolExecutor$Worker.run(ThreadPoolExecutor.java:659)
	at org.apache.tomcat.util.threads.TaskThread$WrappingRunnable.run(TaskThread.java:61)
	at java.base/java.lang.Thread.run(Thread.java:833)
[2023-03-2116:40:52] [ INFO ] [OdontologoIDAOH2:154] Se genero la lista de odontologos con éxito
[2023-03-2116:40:53] [ INFO ] [OdontologoIDAOH2:154] Se genero la lista de odontologos con éxito
[2023-03-2116:40:53] [ INFO ] [OdontologoIDAOH2:154] Se genero la lista de odontologos con éxito
[2023-03-2116:40:53] [ INFO ] [OdontologoIDAOH2:154] Se genero la lista de odontologos con éxito
[2023-03-2116:40:54] [ INFO ] [OdontologoIDAOH2:154] Se genero la lista de odontologos con éxito
[2023-03-2116:40:54] [ INFO ] [OdontologoIDAOH2:154] Se genero la lista de odontologos con éxito
[2023-03-2116:40:54] [ INFO ] [OdontologoIDAOH2:154] Se genero la lista de odontologos con éxito
[2023-03-2116:40:54] [ INFO ] [OdontologoIDAOH2:154] Se genero la lista de odontologos con éxito
[2023-03-2116:40:55] [ INFO ] [OdontologoIDAOH2:154] Se genero la lista de odontologos con éxito
[2023-03-2116:40:55] [ INFO ] [OdontologoIDAOH2:154] Se genero la lista de odontologos con éxito
[2023-03-2116:40:55] [ INFO ] [OdontologoIDAOH2:154] Se genero la lista de odontologos con éxito
[2023-03-2116:40:55] [ INFO ] [OdontologoIDAOH2:154] Se genero la lista de odontologos con éxito
[2023-03-2116:40:56] [ INFO ] [OdontologoIDAOH2:154] Se genero la lista de odontologos con éxito
[2023-03-2116:40:56] [ INFO ] [OdontologoIDAOH2:154] Se genero la lista de odontologos con éxito
[2023-03-2116:40:56] [ INFO ] [OdontologoIDAOH2:154] Se genero la lista de odontologos con éxito
[2023-03-2116:40:56] [ INFO ] [OdontologoIDAOH2:154] Se genero la lista de odontologos con éxito
[2023-03-2116:40:56] [ INFO ] [OdontologoIDAOH2:154] Se genero la lista de odontologos con éxito
[2023-03-2116:40:57] [ INFO ] [OdontologoIDAOH2:154] Se genero la lista de odontologos con éxito
[2023-03-2116:41:29] [ INFO ] [OdontologoIDAOH2:137] Se listaron a los pacientes con éxito
[2023-03-2116:41:48] [ INFO ] [OdontologoIDAOH2:166] Se actualizao al paciente satisfactoriamente
[2023-03-2116:41:55] [ INFO ] [OdontologoIDAOH2:137] Se listaron a los pacientes con éxito
[2023-03-2116:48:04] [ INFO ] [OdontologoIDAOH2:111] Se encontro al odontologo Francisco Gordon MP:1334con ID= 1
[2023-03-2116:48:41] [ INFO ] [OdontologoIDAOH2:177] Se actualizo en la base de datos al odontologo Abel Gordon MP:1334
[2023-03-2116:48:41] [ INFO ] [OdontologoIDAOH2:111] Se encontro al odontologo Francisco Gordon MP:1334con ID= 1
[2023-03-2116:51:17] [ INFO ] [OdontologoIDAOH2:178] Se actualizo en la base de datos al odontologo Abel Gordon MP:1334
[2023-03-2116:51:17] [ INFO ] [OdontologoIDAOH2:111] Se encontro al odontologo Francisco Gordon MP:1334con ID= 1
[2023-03-2117:02:14] [ INFO ] [OdontologoIDAOH2:48] Se guardo en la base de datos al odontologo Raul Gomez MP:54487
[2023-03-2117:02:20] [ INFO ] [OdontologoIDAOH2:154] Se genero la lista de odontologos con éxito
[2023-03-2117:03:13] [ INFO ] [OdontologoIDAOH2:178] Se actualizo en la base de datos al odontologo Raul Perez MP:54487
[2023-03-2117:03:28] [ INFO ] [OdontologoIDAOH2:154] Se genero la lista de odontologos con éxito
[2023-03-2117:03:47] [ INFO ] [OdontologoIDAOH2:178] Se actualizo en la base de datos al odontologo Angelica Pisichilo MP:55452
[2023-03-2117:03:50] [ INFO ] [OdontologoIDAOH2:154] Se genero la lista de odontologos con éxito
[2023-03-2119:54:03] [ INFO ] [OdontologoIDAOH2:154] Se genero la lista de odontologos con éxito
[2023-03-2119:54:55] [ INFO ] [OdontologoIDAOH2:137] Se listaron a los pacientes con éxito
[2023-03-2119:56:34] [ INFO ] [OdontologoIDAOH2:48] Se guardo en la base de datos al odontologo null null MP:0
[2023-03-2119:56:55] [ INFO ] [OdontologoIDAOH2:95] Se encontro al paciente con exito
[2023-03-2119:56:55] [ INFO ] [OdontologoIDAOH2:111] Se encontro al odontologo Francisco Gordon MP:93345con ID= 1
[2023-03-2119:57:15] [ INFO ] [OdontologoIDAOH2:154] Se genero la lista de odontologos con éxito
[2023-03-2119:58:09] [ INFO ] [OdontologoIDAOH2:154] Se genero la lista de odontologos con éxito
[2023-03-2120:42:40] [ INFO ] [OdontologoIDAOH2:107] Se encontro al odontologo Francisco Gordon MP:93345con ID= 1
[2023-03-2122:26:51] [ INFO ] [OdontologoIDAOH2:137] Se listaron a los pacientes con éxito
[2023-03-2122:28:25] [ INFO ] [OdontologoIDAOH2:137] Se listaron a los pacientes con éxito
[2023-03-2122:29:38] [ INFO ] [OdontologoIDAOH2:137] Se listaron a los pacientes con éxito
[2023-03-2122:33:38] [ INFO ] [OdontologoIDAOH2:137] Se listaron a los pacientes con éxito
[2023-03-2122:33:41] [ INFO ] [OdontologoIDAOH2:95] Se encontro al paciente con exito
[2023-03-2122:33:45] [ INFO ] [OdontologoIDAOH2:95] Se encontro al paciente con exito
[2023-03-2122:33:48] [ INFO ] [OdontologoIDAOH2:95] Se encontro al paciente con exito
[2023-03-2122:38:34] [ INFO ] [OdontologoIDAOH2:95] Se encontro al paciente con exito
[2023-03-2122:38:40] [ INFO ] [OdontologoIDAOH2:95] Se encontro al paciente con exito
[2023-03-2122:40:15] [ INFO ] [OdontologoIDAOH2:95] Se encontro al paciente con exito
[2023-03-2122:40:19] [ INFO ] [OdontologoIDAOH2:95] Se encontro al paciente con exito
[2023-03-2122:40:21] [ INFO ] [OdontologoIDAOH2:95] Se encontro al paciente con exito
[2023-03-2122:43:27] [ INFO ] [OdontologoIDAOH2:137] Se listaron a los pacientes con éxito
[2023-03-2122:48:47] [ INFO ] [OdontologoIDAOH2:95] Se encontro al paciente con exito
[2023-03-2122:48:47] [ INFO ] [OdontologoIDAOH2:193] Se elimino el paciente satisfactoriamente
[2023-03-2122:48:51] [ INFO ] [OdontologoIDAOH2:137] Se listaron a los pacientes con éxito
[2023-03-2122:49:00] [ INFO ] [OdontologoIDAOH2:95] Se encontro al paciente con exito
[2023-03-2122:49:00] [ ERROR] [OdontologoIDAOH2:199] No se pudo eliminar al paciente
java.lang.NullPointerException: Cannot invoke "com.integrador.consultorio.entity.Paciente.getDomicilio()" because "paciente" is null
	at com.integrador.consultorio.repository.impl.PacienteIDAOH2.eliminar(PacienteIDAOH2.java:188)
	at com.integrador.consultorio.services.PacienteService.eliminar(PacienteService.java:28)
	at com.integrador.consultorio.controller.PacienteController.eliminarPaciente(PacienteController.java:64)
	at java.base/jdk.internal.reflect.DirectMethodHandleAccessor.invoke(DirectMethodHandleAccessor.java:104)
	at java.base/java.lang.reflect.Method.invoke(Method.java:577)
	at org.springframework.web.method.support.InvocableHandlerMethod.doInvoke(InvocableHandlerMethod.java:207)
	at org.springframework.web.method.support.InvocableHandlerMethod.invokeForRequest(InvocableHandlerMethod.java:152)
	at org.springframework.web.servlet.mvc.method.annotation.ServletInvocableHandlerMethod.invokeAndHandle(ServletInvocableHandlerMethod.java:117)
	at org.springframework.web.servlet.mvc.method.annotation.RequestMappingHandlerAdapter.invokeHandlerMethod(RequestMappingHandlerAdapter.java:884)
	at org.springframework.web.servlet.mvc.method.annotation.RequestMappingHandlerAdapter.handleInternal(RequestMappingHandlerAdapter.java:797)
	at org.springframework.web.servlet.mvc.method.AbstractHandlerMethodAdapter.handle(AbstractHandlerMethodAdapter.java:87)
	at org.springframework.web.servlet.DispatcherServlet.doDispatch(DispatcherServlet.java:1081)
	at org.springframework.web.servlet.DispatcherServlet.doService(DispatcherServlet.java:974)
	at org.springframework.web.servlet.FrameworkServlet.processRequest(FrameworkServlet.java:1011)
	at org.springframework.web.servlet.FrameworkServlet.doDelete(FrameworkServlet.java:936)
	at jakarta.servlet.http.HttpServlet.service(HttpServlet.java:737)
	at org.springframework.web.servlet.FrameworkServlet.service(FrameworkServlet.java:885)
	at jakarta.servlet.http.HttpServlet.service(HttpServlet.java:814)
	at org.apache.catalina.core.ApplicationFilterChain.internalDoFilter(ApplicationFilterChain.java:223)
	at org.apache.catalina.core.ApplicationFilterChain.doFilter(ApplicationFilterChain.java:158)
	at org.apache.tomcat.websocket.server.WsFilter.doFilter(WsFilter.java:53)
	at org.apache.catalina.core.ApplicationFilterChain.internalDoFilter(ApplicationFilterChain.java:185)
	at org.apache.catalina.core.ApplicationFilterChain.doFilter(ApplicationFilterChain.java:158)
	at org.springframework.web.filter.RequestContextFilter.doFilterInternal(RequestContextFilter.java:100)
	at org.springframework.web.filter.OncePerRequestFilter.doFilter(OncePerRequestFilter.java:116)
	at org.apache.catalina.core.ApplicationFilterChain.internalDoFilter(ApplicationFilterChain.java:185)
	at org.apache.catalina.core.ApplicationFilterChain.doFilter(ApplicationFilterChain.java:158)
	at org.springframework.web.filter.FormContentFilter.doFilterInternal(FormContentFilter.java:93)
	at org.springframework.web.filter.OncePerRequestFilter.doFilter(OncePerRequestFilter.java:116)
	at org.apache.catalina.core.ApplicationFilterChain.internalDoFilter(ApplicationFilterChain.java:185)
	at org.apache.catalina.core.ApplicationFilterChain.doFilter(ApplicationFilterChain.java:158)
	at org.springframework.web.filter.CharacterEncodingFilter.doFilterInternal(CharacterEncodingFilter.java:201)
	at org.springframework.web.filter.OncePerRequestFilter.doFilter(OncePerRequestFilter.java:116)
	at org.apache.catalina.core.ApplicationFilterChain.internalDoFilter(ApplicationFilterChain.java:185)
	at org.apache.catalina.core.ApplicationFilterChain.doFilter(ApplicationFilterChain.java:158)
	at org.apache.catalina.core.StandardWrapperValve.invoke(StandardWrapperValve.java:177)
	at org.apache.catalina.core.StandardContextValve.invoke(StandardContextValve.java:97)
	at org.apache.catalina.authenticator.AuthenticatorBase.invoke(AuthenticatorBase.java:542)
	at org.apache.catalina.core.StandardHostValve.invoke(StandardHostValve.java:119)
	at org.apache.catalina.valves.ErrorReportValve.invoke(ErrorReportValve.java:92)
	at org.apache.catalina.core.StandardEngineValve.invoke(StandardEngineValve.java:78)
	at org.apache.catalina.connector.CoyoteAdapter.service(CoyoteAdapter.java:357)
	at org.apache.coyote.http11.Http11Processor.service(Http11Processor.java:400)
	at org.apache.coyote.AbstractProcessorLight.process(AbstractProcessorLight.java:65)
	at org.apache.coyote.AbstractProtocol$ConnectionHandler.process(AbstractProtocol.java:859)
	at org.apache.tomcat.util.net.NioEndpoint$SocketProcessor.doRun(NioEndpoint.java:1734)
	at org.apache.tomcat.util.net.SocketProcessorBase.run(SocketProcessorBase.java:52)
	at org.apache.tomcat.util.threads.ThreadPoolExecutor.runWorker(ThreadPoolExecutor.java:1191)
	at org.apache.tomcat.util.threads.ThreadPoolExecutor$Worker.run(ThreadPoolExecutor.java:659)
	at org.apache.tomcat.util.threads.TaskThread$WrappingRunnable.run(TaskThread.java:61)
	at java.base/java.lang.Thread.run(Thread.java:833)
[2023-03-2420:17:53] [ INFO ] [OdontologoIDAOH2:137] Se listaron a los pacientes con éxito
